<?xml version="1.0" encoding="UTF-8"?>
<testsuite xmlns:xsi="http://www.w3.org/2001/XMLSchema-instance" xsi:noNamespaceSchemaLocation="https://maven.apache.org/surefire/maven-surefire-plugin/xsd/surefire-test-report.xsd" name="testRunners.ParallelRun" time="52.481" tests="6" errors="0" skipped="0" failures="2">
  <properties>
[...]
</properties>
  <testcase name="runScenario" classname="testRunners.ParallelRun" time="22.558"/>
  <testcase name="runScenario" classname="testRunners.ParallelRun" time="28.808">
    <failure message="Expected condition failed: waiting for presence of element located by: By.xpath: (//button//*[text()=&apos;Login&apos;])[1] (tried for 10 second(s) with 500 milliseconds interval)" type="org.openqa.selenium.TimeoutException">org.openqa.selenium.TimeoutException: Expected condition failed: waiting for presence of element located by: By.xpath: (//button//*[text()='Login'])[1] (tried for 10 second(s) with 500 milliseconds interval)
Caused by: org.openqa.selenium.NoSuchElementException: 
no such element: Unable to locate element: {"method":"xpath","selector":"(//button//*[text()='Login'])[1]"}
  (Session info: headless chrome=97.0.4692.71)
For documentation on this error, please visit: https://selenium.dev/exceptions/#no_such_element
Build info: version: '4.1.0', revision: '87802e897b'
System info: host: 'FCA-00019', ip: '192.168.16.179', os.name: 'Windows 10', os.arch: 'amd64', os.version: '10.0', java.version: '1.8.0_301'
Driver info: org.openqa.selenium.chrome.ChromeDriver
Command: [c6d7cd9e3d5f47dfa58432f180f8f2fb, findElement {using=xpath, value=(//button//*[text()='Login'])[1]}]
Capabilities {acceptInsecureCerts: false, browserName: chrome, browserVersion: 97.0.4692.71, chrome: {chromedriverVersion: 97.0.4692.71 (adefa7837d02a..., userDataDir: C:\Users\hienht\AppData\Loc...}, goog:chromeOptions: {debuggerAddress: localhost:57087}, javascriptEnabled: true, networkConnectionEnabled: false, pageLoadStrategy: normal, platform: WINDOWS, platformName: WINDOWS, proxy: Proxy(), se:cdp: ws://localhost:57087/devtoo..., se:cdpVersion: 97.0.4692.71, setWindowRect: true, strictFileInteractability: false, timeouts: {implicit: 0, pageLoad: 300000, script: 30000}, unhandledPromptBehavior: dismiss and notify, webauthn:extension:credBlob: true, webauthn:extension:largeBlob: true, webauthn:virtualAuthenticators: true}
Session ID: c6d7cd9e3d5f47dfa58432f180f8f2fb
</failure>
    <system-out><![CDATA[  Given User is on Login page                                           # stepsDefinition.LoginPageSteps.user_is_on_login_page()
      org.openqa.selenium.TimeoutException: Expected condition failed: waiting for presence of element located by: By.xpath: (//button//*[text()='Login'])[1] (tried for 10 second(s) with 500 milliseconds interval)
	at org.openqa.selenium.support.ui.WebDriverWait.timeoutException(WebDriverWait.java:138)
	at org.openqa.selenium.support.ui.FluentWait.until(FluentWait.java:231)
	at utilities.ElementUtils.waitForElementPresent(ElementUtils.java:101)
	at utilities.ElementUtils.doClick(ElementUtils.java:46)
	at pageObjects.HomePage.clickLoginStart(HomePage.java:42)
	at stepsDefinition.LoginPageSteps.user_is_on_login_page(LoginPageSteps.java:22)
	at âœ½.User is on Login page(file:///C:/Users/hienht/eclipse-workspace/QAClickcar/src/test/resources/features/LoginPage.feature:14)
Caused by: org.openqa.selenium.NoSuchElementException: no such element: Unable to locate element: {"method":"xpath","selector":"(//button//*[text()='Login'])[1]"}
  (Session info: headless chrome=97.0.4692.71)
For documentation on this error, please visit: https://selenium.dev/exceptions/#no_such_element
Build info: version: '4.1.0', revision: '87802e897b'
System info: host: 'FCA-00019', ip: '192.168.16.179', os.name: 'Windows 10', os.arch: 'amd64', os.version: '10.0', java.version: '1.8.0_301'
Driver info: org.openqa.selenium.chrome.ChromeDriver
Command: [c6d7cd9e3d5f47dfa58432f180f8f2fb, findElement {using=xpath, value=(//button//*[text()='Login'])[1]}]
Capabilities {acceptInsecureCerts: false, browserName: chrome, browserVersion: 97.0.4692.71, chrome: {chromedriverVersion: 97.0.4692.71 (adefa7837d02a..., userDataDir: C:\Users\hienht\AppData\Loc...}, goog:chromeOptions: {debuggerAddress: localhost:57087}, javascriptEnabled: true, networkConnectionEnabled: false, pageLoadStrategy: normal, platform: WINDOWS, platformName: WINDOWS, proxy: Proxy(), se:cdp: ws://localhost:57087/devtoo..., se:cdpVersion: 97.0.4692.71, setWindowRect: true, strictFileInteractability: false, timeouts: {implicit: 0, pageLoad: 300000, script: 30000}, unhandledPromptBehavior: dismiss and notify, webauthn:extension:credBlob: true, webauthn:extension:largeBlob: true, webauthn:virtualAuthenticators: true}
Session ID: c6d7cd9e3d5f47dfa58432f180f8f2fb
	at sun.reflect.NativeConstructorAccessorImpl.newInstance0(Native Method)
	at sun.reflect.NativeConstructorAccessorImpl.newInstance(NativeConstructorAccessorImpl.java:62)
	at sun.reflect.DelegatingConstructorAccessorImpl.newInstance(DelegatingConstructorAccessorImpl.java:45)
	at java.lang.reflect.Constructor.newInstance(Constructor.java:423)
	at org.openqa.selenium.remote.codec.w3c.W3CHttpResponseCodec.createException(W3CHttpResponseCodec.java:200)
	at org.openqa.selenium.remote.codec.w3c.W3CHttpResponseCodec.decode(W3CHttpResponseCodec.java:133)
	at org.openqa.selenium.remote.codec.w3c.W3CHttpResponseCodec.decode(W3CHttpResponseCodec.java:53)
	at org.openqa.selenium.remote.HttpCommandExecutor.execute(HttpCommandExecutor.java:184)
	at org.openqa.selenium.remote.service.DriverCommandExecutor.invokeExecute(DriverCommandExecutor.java:164)
	at org.openqa.selenium.remote.service.DriverCommandExecutor.execute(DriverCommandExecutor.java:139)
	at org.openqa.selenium.remote.RemoteWebDriver.execute(RemoteWebDriver.java:559)
	at org.openqa.selenium.remote.ElementLocation$ElementFinder$2.findElement(ElementLocation.java:162)
	at org.openqa.selenium.remote.ElementLocation.findElement(ElementLocation.java:60)
	at org.openqa.selenium.remote.RemoteWebDriver.findElement(RemoteWebDriver.java:383)
	at org.openqa.selenium.remote.RemoteWebDriver.findElement(RemoteWebDriver.java:375)
	at org.openqa.selenium.support.ui.ExpectedConditions$6.apply(ExpectedConditions.java:174)
	at org.openqa.selenium.support.ui.ExpectedConditions$6.apply(ExpectedConditions.java:171)
	at org.openqa.selenium.support.ui.FluentWait.until(FluentWait.java:208)
	at utilities.ElementUtils.waitForElementPresent(ElementUtils.java:101)
	at utilities.ElementUtils.doClick(ElementUtils.java:46)
	at pageObjects.HomePage.clickLoginStart(HomePage.java:42)
	at stepsDefinition.LoginPageSteps.user_is_on_login_page(LoginPageSteps.java:22)
	at sun.reflect.NativeMethodAccessorImpl.invoke0(Native Method)
	at sun.reflect.NativeMethodAccessorImpl.invoke(NativeMethodAccessorImpl.java:62)
	at sun.reflect.DelegatingMethodAccessorImpl.invoke(DelegatingMethodAccessorImpl.java:43)
	at java.lang.reflect.Method.invoke(Method.java:498)
	at io.cucumber.java.Invoker.doInvoke(Invoker.java:66)
	at io.cucumber.java.Invoker.invoke(Invoker.java:24)
	at io.cucumber.java.AbstractGlueDefinition.invokeMethod(AbstractGlueDefinition.java:47)
	at io.cucumber.java.JavaStepDefinition.execute(JavaStepDefinition.java:29)
	at io.cucumber.core.runner.CoreStepDefinition.execute(CoreStepDefinition.java:66)
	at io.cucumber.core.runner.PickleStepDefinitionMatch.runStep(PickleStepDefinitionMatch.java:63)
	at io.cucumber.core.runner.ExecutionMode$1.execute(ExecutionMode.java:10)
	at io.cucumber.core.runner.TestStep.executeStep(TestStep.java:92)
	at io.cucumber.core.runner.TestStep.run(TestStep.java:64)
	at io.cucumber.core.runner.PickleStepTestStep.run(PickleStepTestStep.java:51)
	at io.cucumber.core.runner.TestCase.run(TestCase.java:104)
	at io.cucumber.core.runner.Runner.runPickle(Runner.java:71)
	at io.cucumber.testng.TestNGCucumberRunner.lambda$runScenario$0(TestNGCucumberRunner.java:116)
	at io.cucumber.core.runtime.CucumberExecutionContext.runTestCase(CucumberExecutionContext.java:117)
	at io.cucumber.testng.TestNGCucumberRunner.runScenario(TestNGCucumberRunner.java:113)
	at io.cucumber.testng.AbstractTestNGCucumberTests.runScenario(AbstractTestNGCucumberTests.java:31)
	at sun.reflect.NativeMethodAccessorImpl.invoke0(Native Method)
	at sun.reflect.NativeMethodAccessorImpl.invoke(NativeMethodAccessorImpl.java:62)
	at sun.reflect.DelegatingMethodAccessorImpl.invoke(DelegatingMethodAccessorImpl.java:43)
	at java.lang.reflect.Method.invoke(Method.java:498)
	at org.testng.internal.MethodInvocationHelper.invokeMethod(MethodInvocationHelper.java:133)
	at org.testng.internal.TestInvoker.invokeMethod(TestInvoker.java:598)
	at org.testng.internal.TestInvoker.invokeTestMethod(TestInvoker.java:173)
	at org.testng.internal.TestMethodWithDataProviderMethodWorker.call(TestMethodWithDataProviderMethodWorker.java:77)
	at org.testng.internal.TestMethodWithDataProviderMethodWorker.call(TestMethodWithDataProviderMethodWorker.java:15)
	at java.util.concurrent.FutureTask.run(FutureTask.java:266)
	at java.util.concurrent.Executors$RunnableAdapter.call(Executors.java:511)
	at java.util.concurrent.FutureTask.run(FutureTask.java:266)
	at java.util.concurrent.ThreadPoolExecutor.runWorker(ThreadPoolExecutor.java:1149)
	at java.util.concurrent.ThreadPoolExecutor$Worker.run(ThreadPoolExecutor.java:624)
	at java.lang.Thread.run(Thread.java:748)

  When User input email "hoangnd1@smartosc.com" and password "Hoang123" # stepsDefinition.LoginPageSteps.user_input_email_and_password(java.lang.String,java.lang.String)
  And User click Login button                                           # stepsDefinition.LoginPageSteps.user_click_login_button()
  Then Verify that log in status is "Success"                           # stepsDefinition.LoginPageSteps.verify_that_log_in_status_is(java.lang.String)

    Embedding User_login_with_specific_credentials [image/png 313785 bytes]

tearDown
]]></system-out>
  </testcase>
  <testcase name="runScenario" classname="testRunners.ParallelRun" time="32.813"/>
  <testcase name="runScenario" classname="testRunners.ParallelRun" time="36.781">
    <failure message="element click intercepted: Element &lt;button class=&quot;MuiButtonBase-root MuiButton-root jss2347 MuiButton-contained buyNow MuiButton-containedPrimary jss2354 MuiButton-containedSizeSmall jss2351 MuiButton-sizeSmall MuiButton-disableElevation&quot; tabindex=&quot;0&quot; type=&quot;button&quot;&gt;...&lt;/button&gt; is not clickable at point (1031, 740). Other element would receive the click: &lt;iframe lang=&quot;en-US&quot; title=&quot;Chat widget&quot; id=&quot;sp-chat-iframe&quot; allow=&quot;camera; microphone&quot; class=&quot;widget-border-radius dialog-shadow&quot; frameborder=&quot;0&quot; scrolling=&quot;no&quot; src=&quot;https://carma.brightpattern.com/clientweb/chat-client-v4/client-chat-page.html?tenantUrl=carma.brightpattern.com&amp;amp;appId=1&amp;amp;referrer=https%3A%2F%2Fdevelop.d6w1nkpc3z1lk.amplifyapp.com%2F&amp;amp;referrerTitle=Carma%20%7C%20The%20easy%20way%20to%20buy%20used%20cars%20in%20Australia&amp;amp;webServer=https%3A%2F%2Fcarma.brightpattern.com%2Fclientweb%2Fapi%2Fv1&amp;amp;logging=&amp;amp;phone_number=&amp;amp;from=&amp;amp;email=&amp;amp;account_number=&amp;amp;first_name=&amp;amp;last_name=&amp;amp;togetherjs_enabled=&amp;amp;autostartVideocall=&quot;&gt;&lt;/iframe&gt;&#10;  (Session info: headless chrome=97.0.4692.71)&#10;Build info: version: &apos;4.1.0&apos;, revision: &apos;87802e897b&apos;&#10;System info: host: &apos;FCA-00019&apos;, ip: &apos;192.168.16.179&apos;, os.name: &apos;Windows 10&apos;, os.arch: &apos;amd64&apos;, os.version: &apos;10.0&apos;, java.version: &apos;1.8.0_301&apos;&#10;Driver info: org.openqa.selenium.chrome.ChromeDriver&#10;Command: [bfd6989ba1ffce3c594d46a125dffc94, clickElement {id=82ab2a1d-8e37-4159-b043-35ce6e63b7f4}]&#10;Capabilities {acceptInsecureCerts: false, browserName: chrome, browserVersion: 97.0.4692.71, chrome: {chromedriverVersion: 97.0.4692.71 (adefa7837d02a..., userDataDir: C:\Users\hienht\AppData\Loc...}, goog:chromeOptions: {debuggerAddress: localhost:57088}, javascriptEnabled: true, networkConnectionEnabled: false, pageLoadStrategy: normal, platform: WINDOWS, platformName: WINDOWS, proxy: Proxy(), se:cdp: ws://localhost:57088/devtoo..., se:cdpVersion: 97.0.4692.71, setWindowRect: true, strictFileInteractability: false, timeouts: {implicit: 0, pageLoad: 300000, script: 30000}, unhandledPromptBehavior: dismiss and notify, webauthn:extension:credBlob: true, webauthn:extension:largeBlob: true, webauthn:virtualAuthenticators: true}&#10;Element: [[ChromeDriver: chrome on WINDOWS (bfd6989ba1ffce3c594d46a125dffc94)] -&gt; xpath: //span[text()=&apos;Buy now&apos;]/parent::button]&#10;Session ID: bfd6989ba1ffce3c594d46a125dffc94" type="org.openqa.selenium.ElementClickInterceptedException"><![CDATA[org.openqa.selenium.ElementClickInterceptedException: 
element click intercepted: Element <button class="MuiButtonBase-root MuiButton-root jss2347 MuiButton-contained buyNow MuiButton-containedPrimary jss2354 MuiButton-containedSizeSmall jss2351 MuiButton-sizeSmall MuiButton-disableElevation" tabindex="0" type="button">...</button> is not clickable at point (1031, 740). Other element would receive the click: <iframe lang="en-US" title="Chat widget" id="sp-chat-iframe" allow="camera; microphone" class="widget-border-radius dialog-shadow" frameborder="0" scrolling="no" src="https://carma.brightpattern.com/clientweb/chat-client-v4/client-chat-page.html?tenantUrl=carma.brightpattern.com&amp;appId=1&amp;referrer=https%3A%2F%2Fdevelop.d6w1nkpc3z1lk.amplifyapp.com%2F&amp;referrerTitle=Carma%20%7C%20The%20easy%20way%20to%20buy%20used%20cars%20in%20Australia&amp;webServer=https%3A%2F%2Fcarma.brightpattern.com%2Fclientweb%2Fapi%2Fv1&amp;logging=&amp;phone_number=&amp;from=&amp;email=&amp;account_number=&amp;first_name=&amp;last_name=&amp;togetherjs_enabled=&amp;autostartVideocall="></iframe>
  (Session info: headless chrome=97.0.4692.71)
Build info: version: '4.1.0', revision: '87802e897b'
System info: host: 'FCA-00019', ip: '192.168.16.179', os.name: 'Windows 10', os.arch: 'amd64', os.version: '10.0', java.version: '1.8.0_301'
Driver info: org.openqa.selenium.chrome.ChromeDriver
Command: [bfd6989ba1ffce3c594d46a125dffc94, clickElement {id=82ab2a1d-8e37-4159-b043-35ce6e63b7f4}]
Capabilities {acceptInsecureCerts: false, browserName: chrome, browserVersion: 97.0.4692.71, chrome: {chromedriverVersion: 97.0.4692.71 (adefa7837d02a..., userDataDir: C:\Users\hienht\AppData\Loc...}, goog:chromeOptions: {debuggerAddress: localhost:57088}, javascriptEnabled: true, networkConnectionEnabled: false, pageLoadStrategy: normal, platform: WINDOWS, platformName: WINDOWS, proxy: Proxy(), se:cdp: ws://localhost:57088/devtoo..., se:cdpVersion: 97.0.4692.71, setWindowRect: true, strictFileInteractability: false, timeouts: {implicit: 0, pageLoad: 300000, script: 30000}, unhandledPromptBehavior: dismiss and notify, webauthn:extension:credBlob: true, webauthn:extension:largeBlob: true, webauthn:virtualAuthenticators: true}
Element: [[ChromeDriver: chrome on WINDOWS (bfd6989ba1ffce3c594d46a125dffc94)] -> xpath: //span[text()='Buy now']/parent::button]
Session ID: bfd6989ba1ffce3c594d46a125dffc94
]]></failure>
    <system-out><![CDATA[  And User buy current car                               # stepsDefinition.ProductDetailPageSteps.user_buy_current_car()
      org.openqa.selenium.ElementClickInterceptedException: element click intercepted: Element <button class="MuiButtonBase-root MuiButton-root jss2347 MuiButton-contained buyNow MuiButton-containedPrimary jss2354 MuiButton-containedSizeSmall jss2351 MuiButton-sizeSmall MuiButton-disableElevation" tabindex="0" type="button">...</button> is not clickable at point (1031, 740). Other element would receive the click: <iframe lang="en-US" title="Chat widget" id="sp-chat-iframe" allow="camera; microphone" class="widget-border-radius dialog-shadow" frameborder="0" scrolling="no" src="https://carma.brightpattern.com/clientweb/chat-client-v4/client-chat-page.html?tenantUrl=carma.brightpattern.com&amp;appId=1&amp;referrer=https%3A%2F%2Fdevelop.d6w1nkpc3z1lk.amplifyapp.com%2F&amp;referrerTitle=Carma%20%7C%20The%20easy%20way%20to%20buy%20used%20cars%20in%20Australia&amp;webServer=https%3A%2F%2Fcarma.brightpattern.com%2Fclientweb%2Fapi%2Fv1&amp;logging=&amp;phone_number=&amp;from=&amp;email=&amp;account_number=&amp;first_name=&amp;last_name=&amp;togetherjs_enabled=&amp;autostartVideocall="></iframe>
  (Session info: headless chrome=97.0.4692.71)
Build info: version: '4.1.0', revision: '87802e897b'
System info: host: 'FCA-00019', ip: '192.168.16.179', os.name: 'Windows 10', os.arch: 'amd64', os.version: '10.0', java.version: '1.8.0_301'
Driver info: org.openqa.selenium.chrome.ChromeDriver
Command: [bfd6989ba1ffce3c594d46a125dffc94, clickElement {id=82ab2a1d-8e37-4159-b043-35ce6e63b7f4}]
Capabilities {acceptInsecureCerts: false, browserName: chrome, browserVersion: 97.0.4692.71, chrome: {chromedriverVersion: 97.0.4692.71 (adefa7837d02a..., userDataDir: C:\Users\hienht\AppData\Loc...}, goog:chromeOptions: {debuggerAddress: localhost:57088}, javascriptEnabled: true, networkConnectionEnabled: false, pageLoadStrategy: normal, platform: WINDOWS, platformName: WINDOWS, proxy: Proxy(), se:cdp: ws://localhost:57088/devtoo..., se:cdpVersion: 97.0.4692.71, setWindowRect: true, strictFileInteractability: false, timeouts: {implicit: 0, pageLoad: 300000, script: 30000}, unhandledPromptBehavior: dismiss and notify, webauthn:extension:credBlob: true, webauthn:extension:largeBlob: true, webauthn:virtualAuthenticators: true}
Element: [[ChromeDriver: chrome on WINDOWS (bfd6989ba1ffce3c594d46a125dffc94)] -> xpath: //span[text()='Buy now']/parent::button]
Session ID: bfd6989ba1ffce3c594d46a125dffc94
	at sun.reflect.NativeConstructorAccessorImpl.newInstance0(Native Method)
	at sun.reflect.NativeConstructorAccessorImpl.newInstance(NativeConstructorAccessorImpl.java:62)
	at sun.reflect.DelegatingConstructorAccessorImpl.newInstance(DelegatingConstructorAccessorImpl.java:45)
	at java.lang.reflect.Constructor.newInstance(Constructor.java:423)
	at org.openqa.selenium.remote.codec.w3c.W3CHttpResponseCodec.createException(W3CHttpResponseCodec.java:200)
	at org.openqa.selenium.remote.codec.w3c.W3CHttpResponseCodec.decode(W3CHttpResponseCodec.java:133)
	at org.openqa.selenium.remote.codec.w3c.W3CHttpResponseCodec.decode(W3CHttpResponseCodec.java:53)
	at org.openqa.selenium.remote.HttpCommandExecutor.execute(HttpCommandExecutor.java:184)
	at org.openqa.selenium.remote.service.DriverCommandExecutor.invokeExecute(DriverCommandExecutor.java:164)
	at org.openqa.selenium.remote.service.DriverCommandExecutor.execute(DriverCommandExecutor.java:139)
	at org.openqa.selenium.remote.RemoteWebDriver.execute(RemoteWebDriver.java:559)
	at org.openqa.selenium.remote.RemoteWebElement.execute(RemoteWebElement.java:251)
	at org.openqa.selenium.remote.RemoteWebElement.click(RemoteWebElement.java:77)
	at utilities.ElementUtils.doClick(ElementUtils.java:49)
	at pageObjects.ProductDetailPage.buyProduct(ProductDetailPage.java:45)
	at stepsDefinition.ProductDetailPageSteps.user_buy_current_car(ProductDetailPageSteps.java:14)
	at âœ½.User buy current car(file:///C:/Users/hienht/eclipse-workspace/QAClickcar/src/test/resources/features/CheckoutPage.feature:12)

  Then Verify check out page is displayed                # stepsDefinition.CheckoutPageSteps.check_out_page_is_displayed()

    Embedding User_search_car_and_checkout_successfully [image/png 82149 bytes]

tearDown
]]></system-out>
  </testcase>
  <testcase name="runScenario" classname="testRunners.ParallelRun" time="41.13"/>
  <testcase name="runScenario" classname="testRunners.ParallelRun" time="49.433"/>
</testsuite>