<?xml version="1.0" encoding="UTF-8"?>
<testng-results skipped="0" failed="1" ignored="0" total="6" passed="5">
  <reporter-output>
  </reporter-output>
  <suite name="Suite" duration-ms="34352" started-at="2022-01-20T14:47:19 ICT" finished-at="2022-01-20T14:47:53 ICT">
    <groups>
      <group name="cucumber">
        <method signature="AbstractTestNGCucumberTests.runScenario(io.cucumber.testng.PickleWrapper,io.cucumber.testng.FeatureWrapper)[pri:0, instance:testRunners.ParallelRun@31f924f5]" name="runScenario" class="io.cucumber.testng.AbstractTestNGCucumberTests"/>
      </group> <!-- cucumber -->
    </groups>
    <test name="Test" duration-ms="34352" started-at="2022-01-20T14:47:19 ICT" finished-at="2022-01-20T14:47:53 ICT">
      <class name="testRunners.ParallelRun">
        <test-method status="PASS" signature="setUpClass()[pri:0, instance:testRunners.ParallelRun@31f924f5]" name="setUpClass" is-config="true" duration-ms="484" started-at="2022-01-20T14:47:19 ICT" finished-at="2022-01-20T14:47:20 ICT">
          <reporter-output>
          </reporter-output>
        </test-method> <!-- setUpClass -->
        <test-method status="PASS" signature="runScenario(io.cucumber.testng.PickleWrapper,io.cucumber.testng.FeatureWrapper)[pri:0, instance:testRunners.ParallelRun@31f924f5]" name="runScenario" duration-ms="16067" started-at="2022-01-20T14:47:20 ICT" description="Runs Cucumber Scenarios" data-provider="scenarios" finished-at="2022-01-20T14:47:36 ICT">
          <params>
            <param index="0">
              <value>
                <![CDATA["User login with specific credentials"]]>
              </value>
            </param>
            <param index="1">
              <value>
                <![CDATA["Optional[Log in Clickcar]"]]>
              </value>
            </param>
          </params>
          <reporter-output>
          </reporter-output>
        </test-method> <!-- runScenario -->
        <test-method status="FAIL" signature="runScenario(io.cucumber.testng.PickleWrapper,io.cucumber.testng.FeatureWrapper)[pri:0, instance:testRunners.ParallelRun@31f924f5]" name="runScenario" duration-ms="31877" started-at="2022-01-20T14:47:20 ICT" description="Runs Cucumber Scenarios" data-provider="scenarios" finished-at="2022-01-20T14:47:51 ICT">
          <params>
            <param index="0">
              <value>
                <![CDATA["User search car and checkout successfully"]]>
              </value>
            </param>
            <param index="1">
              <value>
                <![CDATA["Optional[Checkout complete]"]]>
              </value>
            </param>
          </params>
          <exception class="org.openqa.selenium.TimeoutException">
            <message>
              <![CDATA[Expected condition failed: waiting for presence of element located by: By.xpath: //span[text()='Take me back home']/parent::button (tried for 10 second(s) with 500 milliseconds interval)]]>
            </message>
            <full-stacktrace>
              <![CDATA[org.openqa.selenium.TimeoutException: Expected condition failed: waiting for presence of element located by: By.xpath: //span[text()='Take me back home']/parent::button (tried for 10 second(s) with 500 milliseconds interval)
at org.openqa.selenium.support.ui.WebDriverWait.timeoutException(WebDriverWait.java:138)
at org.openqa.selenium.support.ui.FluentWait.until(FluentWait.java:231)
at utilities.ElementUtils.waitForElementPresent(ElementUtils.java:98)
at pageObjects.CheckoutPage.isPageDisplayed(CheckoutPage.java:22)
at stepsDefinition.CheckoutPageSteps.check_out_page_is_displayed(CheckoutPageSteps.java:13)
at ✽.Verify check out page is displayed(file:///C:/Users/hienht/eclipse-workspace/QAClickcar/src/test/resources/features/CheckoutPage.feature:13)
Caused by: org.openqa.selenium.NoSuchElementException: no such element: Unable to locate element: {"method":"xpath","selector":"//span[text()='Take me back home']/parent::button"}
  (Session info: headless chrome=97.0.4692.71)
For documentation on this error, please visit: https://selenium.dev/exceptions/#no_such_element
Build info: version: '4.1.0', revision: '87802e897b'
System info: host: 'FCA-00019', ip: '192.168.16.179', os.name: 'Windows 10', os.arch: 'amd64', os.version: '10.0', java.version: '1.8.0_301'
Driver info: org.openqa.selenium.chrome.ChromeDriver
Command: [d38aa95d614c9c129900342b9d57d485, findElement {using=xpath, value=//span[text()='Take me back home']/parent::button}]
Capabilities {acceptInsecureCerts: false, browserName: chrome, browserVersion: 97.0.4692.71, chrome: {chromedriverVersion: 97.0.4692.71 (adefa7837d02a..., userDataDir: C:\Users\hienht\AppData\Loc...}, goog:chromeOptions: {debuggerAddress: localhost:58922}, javascriptEnabled: true, networkConnectionEnabled: false, pageLoadStrategy: normal, platform: WINDOWS, platformName: WINDOWS, proxy: Proxy(), se:cdp: ws://localhost:58922/devtoo..., se:cdpVersion: 97.0.4692.71, setWindowRect: true, strictFileInteractability: false, timeouts: {implicit: 0, pageLoad: 300000, script: 30000}, unhandledPromptBehavior: dismiss and notify, webauthn:extension:credBlob: true, webauthn:extension:largeBlob: true, webauthn:virtualAuthenticators: true}
Session ID: d38aa95d614c9c129900342b9d57d485
at sun.reflect.NativeConstructorAccessorImpl.newInstance0(Native Method)
at sun.reflect.NativeConstructorAccessorImpl.newInstance(NativeConstructorAccessorImpl.java:62)
at sun.reflect.DelegatingConstructorAccessorImpl.newInstance(DelegatingConstructorAccessorImpl.java:45)
at java.lang.reflect.Constructor.newInstance(Constructor.java:423)
at org.openqa.selenium.remote.codec.w3c.W3CHttpResponseCodec.createException(W3CHttpResponseCodec.java:200)
at org.openqa.selenium.remote.codec.w3c.W3CHttpResponseCodec.decode(W3CHttpResponseCodec.java:133)
at org.openqa.selenium.remote.codec.w3c.W3CHttpResponseCodec.decode(W3CHttpResponseCodec.java:53)
at org.openqa.selenium.remote.HttpCommandExecutor.execute(HttpCommandExecutor.java:184)
at org.openqa.selenium.remote.service.DriverCommandExecutor.invokeExecute(DriverCommandExecutor.java:164)
at org.openqa.selenium.remote.service.DriverCommandExecutor.execute(DriverCommandExecutor.java:139)
at org.openqa.selenium.remote.RemoteWebDriver.execute(RemoteWebDriver.java:559)
at org.openqa.selenium.remote.ElementLocation$ElementFinder$2.findElement(ElementLocation.java:162)
at org.openqa.selenium.remote.ElementLocation.findElement(ElementLocation.java:60)
at org.openqa.selenium.remote.RemoteWebDriver.findElement(RemoteWebDriver.java:383)
at org.openqa.selenium.remote.RemoteWebDriver.findElement(RemoteWebDriver.java:375)
at org.openqa.selenium.support.ui.ExpectedConditions$6.apply(ExpectedConditions.java:174)
at org.openqa.selenium.support.ui.ExpectedConditions$6.apply(ExpectedConditions.java:171)
at org.openqa.selenium.support.ui.FluentWait.until(FluentWait.java:208)
at utilities.ElementUtils.waitForElementPresent(ElementUtils.java:98)
at pageObjects.CheckoutPage.isPageDisplayed(CheckoutPage.java:22)
at stepsDefinition.CheckoutPageSteps.check_out_page_is_displayed(CheckoutPageSteps.java:13)
at sun.reflect.NativeMethodAccessorImpl.invoke0(Native Method)
at sun.reflect.NativeMethodAccessorImpl.invoke(NativeMethodAccessorImpl.java:62)
at sun.reflect.DelegatingMethodAccessorImpl.invoke(DelegatingMethodAccessorImpl.java:43)
at java.lang.reflect.Method.invoke(Method.java:498)
at io.cucumber.java.Invoker.doInvoke(Invoker.java:66)
at io.cucumber.java.Invoker.invoke(Invoker.java:24)
at io.cucumber.java.AbstractGlueDefinition.invokeMethod(AbstractGlueDefinition.java:47)
at io.cucumber.java.JavaStepDefinition.execute(JavaStepDefinition.java:29)
at io.cucumber.core.runner.CoreStepDefinition.execute(CoreStepDefinition.java:66)
at io.cucumber.core.runner.PickleStepDefinitionMatch.runStep(PickleStepDefinitionMatch.java:63)
at io.cucumber.core.runner.ExecutionMode$1.execute(ExecutionMode.java:10)
at io.cucumber.core.runner.TestStep.executeStep(TestStep.java:92)
at io.cucumber.core.runner.TestStep.run(TestStep.java:64)
at io.cucumber.core.runner.PickleStepTestStep.run(PickleStepTestStep.java:51)
at io.cucumber.core.runner.TestCase.run(TestCase.java:104)
at io.cucumber.core.runner.Runner.runPickle(Runner.java:71)
at io.cucumber.testng.TestNGCucumberRunner.lambda$runScenario$0(TestNGCucumberRunner.java:116)
at io.cucumber.core.runtime.CucumberExecutionContext.runTestCase(CucumberExecutionContext.java:117)
at io.cucumber.testng.TestNGCucumberRunner.runScenario(TestNGCucumberRunner.java:113)
at io.cucumber.testng.AbstractTestNGCucumberTests.runScenario(AbstractTestNGCucumberTests.java:31)
at sun.reflect.NativeMethodAccessorImpl.invoke0(Native Method)
at sun.reflect.NativeMethodAccessorImpl.invoke(NativeMethodAccessorImpl.java:62)
at sun.reflect.DelegatingMethodAccessorImpl.invoke(DelegatingMethodAccessorImpl.java:43)
at java.lang.reflect.Method.invoke(Method.java:498)
at org.testng.internal.MethodInvocationHelper.invokeMethod(MethodInvocationHelper.java:133)
at org.testng.internal.TestInvoker.invokeMethod(TestInvoker.java:598)
at org.testng.internal.TestInvoker.invokeTestMethod(TestInvoker.java:173)
at org.testng.internal.TestMethodWithDataProviderMethodWorker.call(TestMethodWithDataProviderMethodWorker.java:77)
at org.testng.internal.TestMethodWithDataProviderMethodWorker.call(TestMethodWithDataProviderMethodWorker.java:15)
at java.util.concurrent.FutureTask.run(FutureTask.java:266)
at java.util.concurrent.Executors$RunnableAdapter.call(Executors.java:511)
at java.util.concurrent.FutureTask.run(FutureTask.java:266)
at java.util.concurrent.ThreadPoolExecutor.runWorker(ThreadPoolExecutor.java:1149)
at java.util.concurrent.ThreadPoolExecutor$Worker.run(ThreadPoolExecutor.java:624)
at java.lang.Thread.run(Thread.java:748)
]]>
            </full-stacktrace>
          </exception> <!-- org.openqa.selenium.TimeoutException -->
          <reporter-output>
          </reporter-output>
        </test-method> <!-- runScenario -->
        <test-method status="PASS" signature="runScenario(io.cucumber.testng.PickleWrapper,io.cucumber.testng.FeatureWrapper)[pri:0, instance:testRunners.ParallelRun@31f924f5]" name="runScenario" duration-ms="20386" started-at="2022-01-20T14:47:20 ICT" description="Runs Cucumber Scenarios" data-provider="scenarios" finished-at="2022-01-20T14:47:40 ICT">
          <params>
            <param index="0">
              <value>
                <![CDATA["User login with data driven file"]]>
              </value>
            </param>
            <param index="1">
              <value>
                <![CDATA["Optional[Log in Clickcar]"]]>
              </value>
            </param>
          </params>
          <reporter-output>
          </reporter-output>
        </test-method> <!-- runScenario -->
        <test-method status="PASS" signature="runScenario(io.cucumber.testng.PickleWrapper,io.cucumber.testng.FeatureWrapper)[pri:0, instance:testRunners.ParallelRun@31f924f5]" name="runScenario" duration-ms="15822" started-at="2022-01-20T14:47:20 ICT" description="Runs Cucumber Scenarios" data-provider="scenarios" finished-at="2022-01-20T14:47:35 ICT">
          <params>
            <param index="0">
              <value>
                <![CDATA["User login with specific credentials"]]>
              </value>
            </param>
            <param index="1">
              <value>
                <![CDATA["Optional[Log in Clickcar]"]]>
              </value>
            </param>
          </params>
          <reporter-output>
          </reporter-output>
        </test-method> <!-- runScenario -->
        <test-method status="PASS" signature="runScenario(io.cucumber.testng.PickleWrapper,io.cucumber.testng.FeatureWrapper)[pri:0, instance:testRunners.ParallelRun@31f924f5]" name="runScenario" duration-ms="26625" started-at="2022-01-20T14:47:20 ICT" description="Runs Cucumber Scenarios" data-provider="scenarios" finished-at="2022-01-20T14:47:46 ICT">
          <params>
            <param index="0">
              <value>
                <![CDATA["User login successfully with default credentials"]]>
              </value>
            </param>
            <param index="1">
              <value>
                <![CDATA["Optional[Log in Clickcar]"]]>
              </value>
            </param>
          </params>
          <reporter-output>
          </reporter-output>
        </test-method> <!-- runScenario -->
        <test-method status="PASS" signature="runScenario(io.cucumber.testng.PickleWrapper,io.cucumber.testng.FeatureWrapper)[pri:0, instance:testRunners.ParallelRun@31f924f5]" name="runScenario" duration-ms="26390" started-at="2022-01-20T14:47:20 ICT" description="Runs Cucumber Scenarios" data-provider="scenarios" finished-at="2022-01-20T14:47:46 ICT">
          <params>
            <param index="0">
              <value>
                <![CDATA["User can check Checklist"]]>
              </value>
            </param>
            <param index="1">
              <value>
                <![CDATA["Optional[Checklist features]"]]>
              </value>
            </param>
          </params>
          <reporter-output>
          </reporter-output>
        </test-method> <!-- runScenario -->
        <test-method status="PASS" signature="tearDownClass()[pri:0, instance:testRunners.ParallelRun@31f924f5]" name="tearDownClass" is-config="true" duration-ms="1943" started-at="2022-01-20T14:47:51 ICT" finished-at="2022-01-20T14:47:53 ICT">
          <reporter-output>
          </reporter-output>
        </test-method> <!-- tearDownClass -->
      </class> <!-- testRunners.ParallelRun -->
    </test> <!-- Test -->
  </suite> <!-- Suite -->
</testng-results>
