<?xml version="1.0" encoding="UTF-8"?>
<testng-results skipped="0" failed="1" ignored="0" total="6" passed="5">
  <reporter-output>
  </reporter-output>
  <suite name="Surefire suite" duration-ms="51098" started-at="2022-01-21T14:47:21 ICT" finished-at="2022-01-21T14:48:12 ICT">
    <groups>
      <group name="cucumber">
        <method signature="AbstractTestNGCucumberTests.runScenario(io.cucumber.testng.PickleWrapper,io.cucumber.testng.FeatureWrapper)[pri:0, instance:testRunners.ParallelRun@16f7c8c1]" name="runScenario" class="io.cucumber.testng.AbstractTestNGCucumberTests"/>
      </group> <!-- cucumber -->
    </groups>
    <test name="Surefire test" duration-ms="51098" started-at="2022-01-21T14:47:21 ICT" finished-at="2022-01-21T14:48:12 ICT">
      <class name="testRunners.ParallelRun">
        <test-method status="PASS" signature="setUpClass()[pri:0, instance:testRunners.ParallelRun@16f7c8c1]" name="setUpClass" is-config="true" duration-ms="471" started-at="2022-01-21T14:47:21 ICT" finished-at="2022-01-21T14:47:22 ICT">
          <reporter-output>
          </reporter-output>
        </test-method> <!-- setUpClass -->
        <test-method status="PASS" signature="runScenario(io.cucumber.testng.PickleWrapper,io.cucumber.testng.FeatureWrapper)[pri:0, instance:testRunners.ParallelRun@16f7c8c1]" name="runScenario" duration-ms="32935" started-at="2022-01-21T14:47:22 ICT" description="Runs Cucumber Scenarios" data-provider="scenarios" finished-at="2022-01-21T14:47:55 ICT">
          <params>
            <param index="0">
              <value>
                <![CDATA["User login with specific credentials"]]>
              </value>
            </param>
            <param index="1">
              <value>
                <![CDATA["Optional[Log in Clickcar]"]]>
              </value>
            </param>
          </params>
          <reporter-output>
          </reporter-output>
        </test-method> <!-- runScenario -->
        <test-method status="PASS" signature="runScenario(io.cucumber.testng.PickleWrapper,io.cucumber.testng.FeatureWrapper)[pri:0, instance:testRunners.ParallelRun@16f7c8c1]" name="runScenario" duration-ms="34596" started-at="2022-01-21T14:47:22 ICT" description="Runs Cucumber Scenarios" data-provider="scenarios" finished-at="2022-01-21T14:47:56 ICT">
          <params>
            <param index="0">
              <value>
                <![CDATA["User login successfully with default credentials"]]>
              </value>
            </param>
            <param index="1">
              <value>
                <![CDATA["Optional[Log in Clickcar]"]]>
              </value>
            </param>
          </params>
          <reporter-output>
          </reporter-output>
        </test-method> <!-- runScenario -->
        <test-method status="PASS" signature="runScenario(io.cucumber.testng.PickleWrapper,io.cucumber.testng.FeatureWrapper)[pri:0, instance:testRunners.ParallelRun@16f7c8c1]" name="runScenario" duration-ms="50295" started-at="2022-01-21T14:47:22 ICT" description="Runs Cucumber Scenarios" data-provider="scenarios" finished-at="2022-01-21T14:48:12 ICT">
          <params>
            <param index="0">
              <value>
                <![CDATA["User login with data driven file"]]>
              </value>
            </param>
            <param index="1">
              <value>
                <![CDATA["Optional[Log in Clickcar]"]]>
              </value>
            </param>
          </params>
          <reporter-output>
          </reporter-output>
        </test-method> <!-- runScenario -->
        <test-method status="PASS" signature="runScenario(io.cucumber.testng.PickleWrapper,io.cucumber.testng.FeatureWrapper)[pri:0, instance:testRunners.ParallelRun@16f7c8c1]" name="runScenario" duration-ms="40915" started-at="2022-01-21T14:47:22 ICT" description="Runs Cucumber Scenarios" data-provider="scenarios" finished-at="2022-01-21T14:48:03 ICT">
          <params>
            <param index="0">
              <value>
                <![CDATA["User can check Checklist"]]>
              </value>
            </param>
            <param index="1">
              <value>
                <![CDATA["Optional[Checklist features]"]]>
              </value>
            </param>
          </params>
          <reporter-output>
          </reporter-output>
        </test-method> <!-- runScenario -->
        <test-method status="FAIL" signature="runScenario(io.cucumber.testng.PickleWrapper,io.cucumber.testng.FeatureWrapper)[pri:0, instance:testRunners.ParallelRun@16f7c8c1]" name="runScenario" duration-ms="33648" started-at="2022-01-21T14:47:22 ICT" description="Runs Cucumber Scenarios" data-provider="scenarios" finished-at="2022-01-21T14:47:55 ICT">
          <params>
            <param index="0">
              <value>
                <![CDATA["User search car and checkout successfully"]]>
              </value>
            </param>
            <param index="1">
              <value>
                <![CDATA["Optional[Checkout complete]"]]>
              </value>
            </param>
          </params>
          <exception class="org.openqa.selenium.StaleElementReferenceException">
            <message>
              <![CDATA[stale element reference: element is not attached to the page document
  (Session info: headless chrome=97.0.4692.71)
For documentation on this error, please visit: https://selenium.dev/exceptions/#stale_element_reference
Build info: version: '4.1.0', revision: '87802e897b'
System info: host: 'FCA-00019', ip: '192.168.16.179', os.name: 'Windows 10', os.arch: 'amd64', os.version: '10.0', java.version: '1.8.0_301'
Driver info: org.openqa.selenium.chrome.ChromeDriver
Command: [59b3b539a5f09c36f361e7a2f85a7008, executeScript {script=arguments[0].scrollIntoView(true);, args=[{ELEMENT=4f56180c-9552-423c-8328-3156fe72a47a, element-6066-11e4-a52e-4f735466cecf=4f56180c-9552-423c-8328-3156fe72a47a}]}]
Capabilities {acceptInsecureCerts: false, browserName: chrome, browserVersion: 97.0.4692.71, chrome: {chromedriverVersion: 97.0.4692.71 (adefa7837d02a..., userDataDir: C:\Users\hienht\AppData\Loc...}, goog:chromeOptions: {debuggerAddress: localhost:50380}, javascriptEnabled: true, networkConnectionEnabled: false, pageLoadStrategy: normal, platform: WINDOWS, platformName: WINDOWS, proxy: Proxy(), se:cdp: ws://localhost:50380/devtoo..., se:cdpVersion: 97.0.4692.71, setWindowRect: true, strictFileInteractability: false, timeouts: {implicit: 0, pageLoad: 300000, script: 30000}, unhandledPromptBehavior: dismiss and notify, webauthn:extension:credBlob: true, webauthn:extension:largeBlob: true, webauthn:virtualAuthenticators: true}
Session ID: 59b3b539a5f09c36f361e7a2f85a7008]]>
            </message>
            <full-stacktrace>
              <![CDATA[org.openqa.selenium.StaleElementReferenceException: stale element reference: element is not attached to the page document
  (Session info: headless chrome=97.0.4692.71)
For documentation on this error, please visit: https://selenium.dev/exceptions/#stale_element_reference
Build info: version: '4.1.0', revision: '87802e897b'
System info: host: 'FCA-00019', ip: '192.168.16.179', os.name: 'Windows 10', os.arch: 'amd64', os.version: '10.0', java.version: '1.8.0_301'
Driver info: org.openqa.selenium.chrome.ChromeDriver
Command: [59b3b539a5f09c36f361e7a2f85a7008, executeScript {script=arguments[0].scrollIntoView(true);, args=[{ELEMENT=4f56180c-9552-423c-8328-3156fe72a47a, element-6066-11e4-a52e-4f735466cecf=4f56180c-9552-423c-8328-3156fe72a47a}]}]
Capabilities {acceptInsecureCerts: false, browserName: chrome, browserVersion: 97.0.4692.71, chrome: {chromedriverVersion: 97.0.4692.71 (adefa7837d02a..., userDataDir: C:\Users\hienht\AppData\Loc...}, goog:chromeOptions: {debuggerAddress: localhost:50380}, javascriptEnabled: true, networkConnectionEnabled: false, pageLoadStrategy: normal, platform: WINDOWS, platformName: WINDOWS, proxy: Proxy(), se:cdp: ws://localhost:50380/devtoo..., se:cdpVersion: 97.0.4692.71, setWindowRect: true, strictFileInteractability: false, timeouts: {implicit: 0, pageLoad: 300000, script: 30000}, unhandledPromptBehavior: dismiss and notify, webauthn:extension:credBlob: true, webauthn:extension:largeBlob: true, webauthn:virtualAuthenticators: true}
Session ID: 59b3b539a5f09c36f361e7a2f85a7008
at sun.reflect.NativeConstructorAccessorImpl.newInstance0(Native Method)
at sun.reflect.NativeConstructorAccessorImpl.newInstance(NativeConstructorAccessorImpl.java:62)
at sun.reflect.DelegatingConstructorAccessorImpl.newInstance(DelegatingConstructorAccessorImpl.java:45)
at java.lang.reflect.Constructor.newInstance(Constructor.java:423)
at org.openqa.selenium.remote.codec.w3c.W3CHttpResponseCodec.createException(W3CHttpResponseCodec.java:200)
at org.openqa.selenium.remote.codec.w3c.W3CHttpResponseCodec.decode(W3CHttpResponseCodec.java:133)
at org.openqa.selenium.remote.codec.w3c.W3CHttpResponseCodec.decode(W3CHttpResponseCodec.java:53)
at org.openqa.selenium.remote.HttpCommandExecutor.execute(HttpCommandExecutor.java:184)
at org.openqa.selenium.remote.service.DriverCommandExecutor.invokeExecute(DriverCommandExecutor.java:164)
at org.openqa.selenium.remote.service.DriverCommandExecutor.execute(DriverCommandExecutor.java:139)
at org.openqa.selenium.remote.RemoteWebDriver.execute(RemoteWebDriver.java:559)
at org.openqa.selenium.remote.RemoteWebDriver.executeScript(RemoteWebDriver.java:493)
at utilities.ElementUtils.scrollIntoView(ElementUtils.java:138)
at pageObjects.CataloguePage.clickCarImageByPartialText(CataloguePage.java:40)
at stepsDefinition.CataloguePageSteps.search_and_select_car_by_keyword(CataloguePageSteps.java:13)
at ✽.Search and select car by keyword "Toyota rav4"(file:///C:/Users/hienht/eclipse-workspace/QAClickcar/src/test/resources/features/CheckoutPage.feature:11)
]]>
            </full-stacktrace>
          </exception> <!-- org.openqa.selenium.StaleElementReferenceException -->
          <reporter-output>
          </reporter-output>
        </test-method> <!-- runScenario -->
        <test-method status="PASS" signature="runScenario(io.cucumber.testng.PickleWrapper,io.cucumber.testng.FeatureWrapper)[pri:0, instance:testRunners.ParallelRun@16f7c8c1]" name="runScenario" duration-ms="24061" started-at="2022-01-21T14:47:22 ICT" description="Runs Cucumber Scenarios" data-provider="scenarios" finished-at="2022-01-21T14:47:46 ICT">
          <params>
            <param index="0">
              <value>
                <![CDATA["User login with specific credentials"]]>
              </value>
            </param>
            <param index="1">
              <value>
                <![CDATA["Optional[Log in Clickcar]"]]>
              </value>
            </param>
          </params>
          <reporter-output>
          </reporter-output>
        </test-method> <!-- runScenario -->
        <test-method status="PASS" signature="tearDownClass()[pri:0, instance:testRunners.ParallelRun@16f7c8c1]" name="tearDownClass" is-config="true" duration-ms="269" started-at="2022-01-21T14:48:12 ICT" finished-at="2022-01-21T14:48:12 ICT">
          <reporter-output>
          </reporter-output>
        </test-method> <!-- tearDownClass -->
      </class> <!-- testRunners.ParallelRun -->
    </test> <!-- Surefire test -->
  </suite> <!-- Surefire suite -->
</testng-results>
