<?xml version="1.0" encoding="UTF-8"?>
<!-- Generated by org.testng.reporters.JUnitReportReporter -->
<testsuite skipped="0" hostname="FCA-00019" name="testRunners.ParallelRun" tests="6" failures="0" timestamp="2022-01-21T14:48:12 ICT" time="216.450" errors="1">
  <testcase name="runScenario" time="32.935" classname="testRunners.ParallelRun"/>
  <system-out/>
  <testcase name="runScenario" time="34.596" classname="testRunners.ParallelRun"/>
  <system-out/>
  <testcase name="runScenario" time="50.295" classname="testRunners.ParallelRun"/>
  <system-out/>
  <testcase name="runScenario" time="40.915" classname="testRunners.ParallelRun"/>
  <system-out/>
  <testcase name="runScenario" time="33.648" classname="testRunners.ParallelRun">
    <error type="org.openqa.selenium.StaleElementReferenceException" message="stale element reference: element is not attached to the page document
  (Session info: headless chrome=97.0.4692.71)
For documentation on this error, please visit: https://selenium.dev/exceptions/#stale_element_reference
Build info: version: &#039;4.1.0&#039;, revision: &#039;87802e897b&#039;
System info: host: &#039;FCA-00019&#039;, ip: &#039;192.168.16.179&#039;, os.name: &#039;Windows 10&#039;, os.arch: &#039;amd64&#039;, os.version: &#039;10.0&#039;, java.version: &#039;1.8.0_301&#039;
Driver info: org.openqa.selenium.chrome.ChromeDriver
Command: [59b3b539a5f09c36f361e7a2f85a7008, executeScript {script=arguments[0].scrollIntoView(true);, args=[{ELEMENT=4f56180c-9552-423c-8328-3156fe72a47a, element-6066-11e4-a52e-4f735466cecf=4f56180c-9552-423c-8328-3156fe72a47a}]}]
Capabilities {acceptInsecureCerts: false, browserName: chrome, browserVersion: 97.0.4692.71, chrome: {chromedriverVersion: 97.0.4692.71 (adefa7837d02a..., userDataDir: C:\Users\hienht\AppData\Loc...}, goog:chromeOptions: {debuggerAddress: localhost:50380}, javascriptEnabled: true, networkConnectionEnabled: false, pageLoadStrategy: normal, platform: WINDOWS, platformName: WINDOWS, proxy: Proxy(), se:cdp: ws://localhost:50380/devtoo..., se:cdpVersion: 97.0.4692.71, setWindowRect: true, strictFileInteractability: false, timeouts: {implicit: 0, pageLoad: 300000, script: 30000}, unhandledPromptBehavior: dismiss and notify, webauthn:extension:credBlob: true, webauthn:extension:largeBlob: true, webauthn:virtualAuthenticators: true}
Session ID: 59b3b539a5f09c36f361e7a2f85a7008">
      <![CDATA[org.openqa.selenium.StaleElementReferenceException: stale element reference: element is not attached to the page document
  (Session info: headless chrome=97.0.4692.71)
For documentation on this error, please visit: https://selenium.dev/exceptions/#stale_element_reference
Build info: version: '4.1.0', revision: '87802e897b'
System info: host: 'FCA-00019', ip: '192.168.16.179', os.name: 'Windows 10', os.arch: 'amd64', os.version: '10.0', java.version: '1.8.0_301'
Driver info: org.openqa.selenium.chrome.ChromeDriver
Command: [59b3b539a5f09c36f361e7a2f85a7008, executeScript {script=arguments[0].scrollIntoView(true);, args=[{ELEMENT=4f56180c-9552-423c-8328-3156fe72a47a, element-6066-11e4-a52e-4f735466cecf=4f56180c-9552-423c-8328-3156fe72a47a}]}]
Capabilities {acceptInsecureCerts: false, browserName: chrome, browserVersion: 97.0.4692.71, chrome: {chromedriverVersion: 97.0.4692.71 (adefa7837d02a..., userDataDir: C:\Users\hienht\AppData\Loc...}, goog:chromeOptions: {debuggerAddress: localhost:50380}, javascriptEnabled: true, networkConnectionEnabled: false, pageLoadStrategy: normal, platform: WINDOWS, platformName: WINDOWS, proxy: Proxy(), se:cdp: ws://localhost:50380/devtoo..., se:cdpVersion: 97.0.4692.71, setWindowRect: true, strictFileInteractability: false, timeouts: {implicit: 0, pageLoad: 300000, script: 30000}, unhandledPromptBehavior: dismiss and notify, webauthn:extension:credBlob: true, webauthn:extension:largeBlob: true, webauthn:virtualAuthenticators: true}
Session ID: 59b3b539a5f09c36f361e7a2f85a7008
at sun.reflect.NativeConstructorAccessorImpl.newInstance0(Native Method)
at sun.reflect.NativeConstructorAccessorImpl.newInstance(NativeConstructorAccessorImpl.java:62)
at sun.reflect.DelegatingConstructorAccessorImpl.newInstance(DelegatingConstructorAccessorImpl.java:45)
at java.lang.reflect.Constructor.newInstance(Constructor.java:423)
at org.openqa.selenium.remote.codec.w3c.W3CHttpResponseCodec.createException(W3CHttpResponseCodec.java:200)
at org.openqa.selenium.remote.codec.w3c.W3CHttpResponseCodec.decode(W3CHttpResponseCodec.java:133)
at org.openqa.selenium.remote.codec.w3c.W3CHttpResponseCodec.decode(W3CHttpResponseCodec.java:53)
at org.openqa.selenium.remote.HttpCommandExecutor.execute(HttpCommandExecutor.java:184)
at org.openqa.selenium.remote.service.DriverCommandExecutor.invokeExecute(DriverCommandExecutor.java:164)
at org.openqa.selenium.remote.service.DriverCommandExecutor.execute(DriverCommandExecutor.java:139)
at org.openqa.selenium.remote.RemoteWebDriver.execute(RemoteWebDriver.java:559)
at org.openqa.selenium.remote.RemoteWebDriver.executeScript(RemoteWebDriver.java:493)
at utilities.ElementUtils.scrollIntoView(ElementUtils.java:138)
at pageObjects.CataloguePage.clickCarImageByPartialText(CataloguePage.java:40)
at stepsDefinition.CataloguePageSteps.search_and_select_car_by_keyword(CataloguePageSteps.java:13)
at ✽.Search and select car by keyword "Toyota rav4"(file:///C:/Users/hienht/eclipse-workspace/QAClickcar/src/test/resources/features/CheckoutPage.feature:11)
]]>
    </error>
  </testcase> <!-- runScenario -->
  <system-out/>
  <testcase name="runScenario" time="24.061" classname="testRunners.ParallelRun"/>
  <system-out/>
</testsuite> <!-- testRunners.ParallelRun -->
